<?xml version="1.0" encoding="UTF-8"?>
<robot generator="Robot 6.0.2 (Python 3.11.2 on win32)" generated="20230801 14:37:29.406" rpa="false" schemaversion="3">
<suite id="s1" name="1 Robot" source="C:\Users\vdi-student\Desktop\Altkom010823\1_robot.robot">
<test id="s1-t1" name="Wikipedia" line="11">
<kw name="Open Browser" library="SeleniumLibrary">
<arg>https://pl.wikipedia.org</arg>
<arg>chrome</arg>
<arg>executable_path=C:/chromedriver/chromedriver.exe</arg>
<doc>Opens a new browser instance to the optional ``url``.</doc>
<msg timestamp="20230801 14:37:29.661" level="INFO">Opening browser 'chrome' to base url 'https://pl.wikipedia.org'.</msg>
<status status="PASS" starttime="20230801 14:37:29.661" endtime="20230801 14:37:31.476"/>
</kw>
<kw name="Sleep" library="BuiltIn">
<arg>1</arg>
<doc>Pauses the test executed for the given time.</doc>
<msg timestamp="20230801 14:37:32.483" level="INFO">Slept 1 second</msg>
<status status="PASS" starttime="20230801 14:37:31.480" endtime="20230801 14:37:32.483"/>
</kw>
<kw name="Wait Until Element Is Visible" library="SeleniumLibrary">
<arg>id:L2AGLb</arg>
<arg>1</arg>
<doc>Waits until the element ``locator`` is visible.</doc>
<msg timestamp="20230801 14:37:33.628" level="INFO" html="true">&lt;/td&gt;&lt;/tr&gt;&lt;tr&gt;&lt;td colspan="3"&gt;&lt;a href="selenium-screenshot-3.png"&gt;&lt;img src="selenium-screenshot-3.png" width="800px"&gt;&lt;/a&gt;</msg>
<msg timestamp="20230801 14:37:33.628" level="FAIL">Element 'id:L2AGLb' not visible after 1 second.</msg>
<status status="FAIL" starttime="20230801 14:37:32.483" endtime="20230801 14:37:33.638"/>
</kw>
<kw name="Run Keyword And Ignore Error" library="BuiltIn">
<arg>Click button</arg>
<arg>id:L2AGLb</arg>
<doc>Runs the given keyword with the given arguments and ignores possible error.</doc>
<status status="NOT RUN" starttime="20230801 14:37:33.638" endtime="20230801 14:37:33.638"/>
</kw>
<kw name="Wait Until Element Is Visible" library="SeleniumLibrary">
<arg>id:pt-login-2</arg>
<arg>3</arg>
<doc>Waits until the element ``locator`` is visible.</doc>
<status status="NOT RUN" starttime="20230801 14:37:33.638" endtime="20230801 14:37:33.638"/>
</kw>
<kw name="Click Element" library="SeleniumLibrary">
<arg>id:pt-login-2</arg>
<doc>Click the element identified by ``locator``.</doc>
<status status="NOT RUN" starttime="20230801 14:37:33.638" endtime="20230801 14:37:33.638"/>
</kw>
<kw name="Input Text" library="SeleniumLibrary">
<arg>id:wpName1</arg>
<arg>RobotTests</arg>
<doc>Types the given ``text`` into the text field identified by ``locator``.</doc>
<status status="NOT RUN" starttime="20230801 14:37:33.638" endtime="20230801 14:37:33.638"/>
</kw>
<kw name="Input Password" library="SeleniumLibrary">
<arg>id:wpPassword1</arg>
<arg>RobotFramework2</arg>
<doc>Types the given password into the text field identified by ``locator``.</doc>
<status status="NOT RUN" starttime="20230801 14:37:33.638" endtime="20230801 14:37:33.638"/>
</kw>
<kw name="Select Checkbox" library="SeleniumLibrary">
<arg>id:wpRemember</arg>
<doc>Selects the checkbox identified by ``locator``.</doc>
<status status="NOT RUN" starttime="20230801 14:37:33.638" endtime="20230801 14:37:33.638"/>
</kw>
<kw name="Click Button" library="SeleniumLibrary">
<arg>id:wpLoginAttempt</arg>
<doc>Clicks the button identified by ``locator``.</doc>
<status status="NOT RUN" starttime="20230801 14:37:33.643" endtime="20230801 14:37:33.643"/>
</kw>
<kw name="Sleep" library="BuiltIn">
<arg>3</arg>
<doc>Pauses the test executed for the given time.</doc>
<status status="NOT RUN" starttime="20230801 14:37:33.643" endtime="20230801 14:37:33.643"/>
</kw>
<kw name="Close Browser" library="SeleniumLibrary">
<doc>Closes the current browser.</doc>
<status status="NOT RUN" starttime="20230801 14:37:33.643" endtime="20230801 14:37:33.643"/>
</kw>
<status status="FAIL" starttime="20230801 14:37:29.661" endtime="20230801 14:37:33.643">Element 'id:L2AGLb' not visible after 1 second.</status>
</test>
<status status="FAIL" starttime="20230801 14:37:29.406" endtime="20230801 14:37:33.643"/>
</suite>
<statistics>
<total>
<stat pass="0" fail="1" skip="0">All Tests</stat>
</total>
<tag>
</tag>
<suite>
<stat pass="0" fail="1" skip="0" id="s1" name="1 Robot">1 Robot</stat>
</suite>
</statistics>
<errors>
</errors>
</robot>
